Using pre-set license
Built from '2021.3/staging' branch; Version is '2021.3.15f1 (e8e88683f834) revision 15263878'; Using compiler version '192829333'; Build Type 'Release'
OS: 'Windows 11  (10.0.22621) 64bit Core' Language: 'ko' Physical Memory: 16268 MB
BatchMode: 1, IsHumanControllingUs: 0, StartBugReporterOnCrash: 0, Is64bit: 1, IsPro: 1

COMMAND LINE ARGUMENTS:
C:\Users\USER\Desktop\Unity\2021.3.15f1\Editor\Unity.exe
-adb2
-batchMode
-noUpm
-name
AssetImportWorker2
-projectPath
C:/Users/USER/Desktop/Unity/Unity_Study/Section3/MMO_Unity
-logFile
Logs/AssetImportWorker2.log
-srvPort
59694
Successfully changed project path to: C:/Users/USER/Desktop/Unity/Unity_Study/Section3/MMO_Unity
C:/Users/USER/Desktop/Unity/Unity_Study/Section3/MMO_Unity
[UnityMemory] Configuration Parameters - Can be set up in boot.config
    "memorysetup-bucket-allocator-granularity=16"
    "memorysetup-bucket-allocator-bucket-count=8"
    "memorysetup-bucket-allocator-block-size=33554432"
    "memorysetup-bucket-allocator-block-count=8"
    "memorysetup-main-allocator-block-size=16777216"
    "memorysetup-thread-allocator-block-size=16777216"
    "memorysetup-gfx-main-allocator-block-size=16777216"
    "memorysetup-gfx-thread-allocator-block-size=16777216"
    "memorysetup-cache-allocator-block-size=4194304"
    "memorysetup-typetree-allocator-block-size=2097152"
    "memorysetup-profiler-bucket-allocator-granularity=16"
    "memorysetup-profiler-bucket-allocator-bucket-count=8"
    "memorysetup-profiler-bucket-allocator-block-size=33554432"
    "memorysetup-profiler-bucket-allocator-block-count=8"
    "memorysetup-profiler-allocator-block-size=16777216"
    "memorysetup-profiler-editor-allocator-block-size=1048576"
    "memorysetup-temp-allocator-size-main=16777216"
    "memorysetup-job-temp-allocator-block-size=2097152"
    "memorysetup-job-temp-allocator-block-size-background=1048576"
    "memorysetup-job-temp-allocator-reduction-small-platforms=262144"
    "memorysetup-temp-allocator-size-background-worker=32768"
    "memorysetup-temp-allocator-size-job-worker=262144"
    "memorysetup-temp-allocator-size-preload-manager=33554432"
    "memorysetup-temp-allocator-size-nav-mesh-worker=65536"
    "memorysetup-temp-allocator-size-audio-worker=65536"
    "memorysetup-temp-allocator-size-cloud-worker=32768"
    "memorysetup-temp-allocator-size-gi-baking-worker=262144"
    "memorysetup-temp-allocator-size-gfx=262144"
Player connection [12636] Host "[IP] 192.168.219.100 [Port] 0 [Flags] 2 [Guid] 1518563497 [EditorId] 1518563497 [Version] 1048832 [Id] WindowsEditor(7,bingu) [Debug] 1 [PackageName] WindowsEditor [ProjectName] Editor" joined multi-casting on [225.0.0.222:54997]...

Player connection [12636] Host "[IP] 192.168.219.100 [Port] 0 [Flags] 2 [Guid] 1518563497 [EditorId] 1518563497 [Version] 1048832 [Id] WindowsEditor(7,bingu) [Debug] 1 [PackageName] WindowsEditor [ProjectName] Editor" joined alternative multi-casting on [225.0.0.222:34997]...

Refreshing native plugins compatible for Editor in 64.23 ms, found 3 plugins.
Preloading 0 native plugins for Editor in 0.00 ms.
Initialize engine version: 2021.3.15f1 (e8e88683f834)
[Subsystems] Discovering subsystems at path C:/Users/USER/Desktop/Unity/2021.3.15f1/Editor/Data/Resources/UnitySubsystems
[Subsystems] Discovering subsystems at path C:/Users/USER/Desktop/Unity/Unity_Study/Section3/MMO_Unity/Assets
GfxDevice: creating device client; threaded=0; jobified=0
Direct3D:
    Version:  Direct3D 11.0 [level 11.1]
    Renderer: NVIDIA GeForce RTX 3060 Ti (ID=0x2414)
    Vendor:   NVIDIA
    VRAM:     8050 MB
    Driver:   31.0.15.1748
Initialize mono
Mono path[0] = 'C:/Users/USER/Desktop/Unity/2021.3.15f1/Editor/Data/Managed'
Mono path[1] = 'C:/Users/USER/Desktop/Unity/2021.3.15f1/Editor/Data/MonoBleedingEdge/lib/mono/unityjit-win32'
Mono config path = 'C:/Users/USER/Desktop/Unity/2021.3.15f1/Editor/Data/MonoBleedingEdge/etc'
Using monoOptions --debugger-agent=transport=dt_socket,embedding=1,server=y,suspend=n,address=127.0.0.1:56696
Begin MonoManager ReloadAssembly
Registering precompiled unity dll's ...
Register platform support module: C:/Users/USER/Desktop/Unity/2021.3.15f1/Editor/Data/PlaybackEngines/WebGLSupport/UnityEditor.WebGL.Extensions.dll
Register platform support module: C:/Users/USER/Desktop/Unity/2021.3.15f1/Editor/Data/PlaybackEngines/WindowsStandaloneSupport/UnityEditor.WindowsStandalone.Extensions.dll
Registered in 0.004354 seconds.
Native extension for WindowsStandalone target not found
Native extension for WebGL target not found
Refreshing native plugins compatible for Editor in 62.21 ms, found 3 plugins.
Preloading 0 native plugins for Editor in 0.00 ms.
Mono: successfully reloaded assembly
- Completed reload, in  0.459 seconds
Domain Reload Profiling:
	ReloadAssembly (459ms)
		BeginReloadAssembly (54ms)
			ExecutionOrderSort (0ms)
			DisableScriptedObjects (0ms)
			BackupInstance (0ms)
			ReleaseScriptingObjects (0ms)
			CreateAndSetChildDomain (1ms)
		EndReloadAssembly (328ms)
			LoadAssemblies (52ms)
			RebuildTransferFunctionScriptingTraits (0ms)
			SetupTypeCache (70ms)
			ReleaseScriptCaches (0ms)
			RebuildScriptCaches (21ms)
			SetupLoadedEditorAssemblies (199ms)
				LogAssemblyErrors (0ms)
				InitializePlatformSupportModulesInManaged (7ms)
				SetLoadedEditorAssemblies (0ms)
				RefreshPlugins (62ms)
				BeforeProcessingInitializeOnLoad (1ms)
				ProcessInitializeOnLoadAttributes (95ms)
				ProcessInitializeOnLoadMethodAttributes (33ms)
				AfterProcessingInitializeOnLoad (0ms)
				EditorAssembliesLoaded (0ms)
			ExecutionOrderSort2 (0ms)
			AwakeInstancesAfterBackupRestoration (0ms)
Platform modules already initialized, skipping
Registering precompiled user dll's ...
Registered in 0.004462 seconds.
Begin MonoManager ReloadAssembly
Symbol file LoadedFromMemory doesn't match image C:\Users\USER\Desktop\Unity\Unity_Study\Section3\MMO_Unity\Library\PackageCache\com.unity.visualscripting@1.7.8\Editor\VisualScripting.Core\Dependencies\YamlDotNet\Unity.VisualScripting.YamlDotNet.dll
Symbol file LoadedFromMemory doesn't match image C:\Users\USER\Desktop\Unity\Unity_Study\Section3\MMO_Unity\Library\PackageCache\com.unity.visualscripting@1.7.8\Editor\VisualScripting.Core\Dependencies\DotNetZip\Unity.VisualScripting.IonicZip.dll
Native extension for WindowsStandalone target not found
Native extension for WebGL target not found
Refreshing native plugins compatible for Editor in 0.64 ms, found 3 plugins.
Preloading 0 native plugins for Editor in 0.00 ms.
Mono: successfully reloaded assembly
- Completed reload, in  0.759 seconds
Domain Reload Profiling:
	ReloadAssembly (760ms)
		BeginReloadAssembly (86ms)
			ExecutionOrderSort (0ms)
			DisableScriptedObjects (5ms)
			BackupInstance (0ms)
			ReleaseScriptingObjects (0ms)
			CreateAndSetChildDomain (17ms)
		EndReloadAssembly (589ms)
			LoadAssemblies (62ms)
			RebuildTransferFunctionScriptingTraits (0ms)
			SetupTypeCache (179ms)
			ReleaseScriptCaches (0ms)
			RebuildScriptCaches (37ms)
			SetupLoadedEditorAssemblies (284ms)
				LogAssemblyErrors (0ms)
				InitializePlatformSupportModulesInManaged (5ms)
				SetLoadedEditorAssemblies (0ms)
				RefreshPlugins (1ms)
				BeforeProcessingInitializeOnLoad (67ms)
				ProcessInitializeOnLoadAttributes (187ms)
				ProcessInitializeOnLoadMethodAttributes (19ms)
				AfterProcessingInitializeOnLoad (5ms)
				EditorAssembliesLoaded (0ms)
			ExecutionOrderSort2 (0ms)
			AwakeInstancesAfterBackupRestoration (4ms)
Platform modules already initialized, skipping
========================================================================
Worker process is ready to serve import requests
Launched and connected shader compiler UnityShaderCompiler.exe after 0.04 seconds
Refreshing native plugins compatible for Editor in 0.68 ms, found 3 plugins.
Preloading 0 native plugins for Editor in 0.00 ms.
Unloading 3377 Unused Serialized files (Serialized files now loaded: 0)
Unloading 27 unused Assets / (113.7 KB). Loaded Objects now: 3837.
Memory consumption went from 121.0 MB to 120.9 MB.
Total: 2.713200 ms (FindLiveObjects: 0.227000 ms CreateObjectMapping: 0.127300 ms MarkObjects: 2.274700 ms  DeleteObjects: 0.083600 ms)

AssetImportParameters requested are different than current active one (requested -> active):
  custom:video-decoder-ogg-theora: a1e56fd34408186e4bbccfd4996cb3dc -> 
  custom:container-muxer-webm: aa71ff27fc2769a1b78a27578f13a17b -> 
  custom:container-demuxer-webm: 4f35f7cbe854078d1ac9338744f61a02 -> 
  custom:video-encoder-webm-vp8: eb34c28f22e8b96e1ab97ce403110664 -> 
  custom:audio-encoder-webm-vorbis: bf7c407c2cedff20999df2af8eb42d56 -> 
  custom:framework-win-MediaFoundation: 216162199b28c13a410421893ffa2e32 -> 
  custom:container-demuxer-ogg: 62fdf1f143b41e24485cea50d1cbac27 -> 
  custom:video-decoder-webm-vp8: 9c59270c3fd7afecdb556c50c9e8de78 -> 
  custom:audio-decoder-ogg-vorbis: bf7c407c2cedff20999df2af8eb42d56 -> 
========================================================================
Received Import Request.
  Time since last request: 2549046.336237 seconds.
  path: Assets/Resources/Art/UnityChan/Stage/Materials
  artifactKey: Guid(0cf9cebbc81b1463ab6d198506143d28) Importer(815301076,1909f56bfc062723c751e8b465ee728b)
Start importing Assets/Resources/Art/UnityChan/Stage/Materials using Guid(0cf9cebbc81b1463ab6d198506143d28) Importer(815301076,1909f56bfc062723c751e8b465ee728b)  -> (artifact id: 'cc83857e5f4e8a9a0fe86419868d7a61') in 0.010253 seconds 
========================================================================
Received Import Request.
  Time since last request: 0.031305 seconds.
  path: Assets/Resources/Art/UnityChan/Stage/Materials/unitychan_tile3.mat
  artifactKey: Guid(00343d49c7d05416cb4a5bddf12aa90d) Importer(815301076,1909f56bfc062723c751e8b465ee728b)
Start importing Assets/Resources/Art/UnityChan/Stage/Materials/unitychan_tile3.mat using Guid(00343d49c7d05416cb4a5bddf12aa90d) Importer(815301076,1909f56bfc062723c751e8b465ee728b)  -> (artifact id: '1ca43b304cf0b6d1c4df3e71bc3cc63f') in 0.183996 seconds 
========================================================================
Received Import Request.
  Time since last request: 2.212714 seconds.
  path: Assets/Resources/Art/UnityChan/Stage/Textures/unitychan_tile3.png
  artifactKey: Guid(0c13bdfc1ad5def4aa6650ca8a1568e5) Importer(815301076,1909f56bfc062723c751e8b465ee728b)
Start importing Assets/Resources/Art/UnityChan/Stage/Textures/unitychan_tile3.png using Guid(0c13bdfc1ad5def4aa6650ca8a1568e5) Importer(815301076,1909f56bfc062723c751e8b465ee728b)  -> (artifact id: '09e5589bbc31b98efad1086a526a978a') in 0.016284 seconds 
========================================================================
Received Import Request.
  Time since last request: 0.000018 seconds.
  path: Assets/Resources/Art/UnityChan/Stage/Textures/unitychan_tile6.png
  artifactKey: Guid(44c03eb9b0d2ef34b9e7a60eec7f1b1d) Importer(815301076,1909f56bfc062723c751e8b465ee728b)
Start importing Assets/Resources/Art/UnityChan/Stage/Textures/unitychan_tile6.png using Guid(44c03eb9b0d2ef34b9e7a60eec7f1b1d) Importer(815301076,1909f56bfc062723c751e8b465ee728b)  -> (artifact id: '0dc4cb56f744002eed0387331ed55c72') in 0.007685 seconds 
========================================================================
Received Import Request.
  Time since last request: 5.221498 seconds.
  path: Assets/Resources/Art/UnityChan/UnityChanShader/Texture/cheek_00.tga
  artifactKey: Guid(89ede59217e3847c39c444f223f4084e) Importer(815301076,1909f56bfc062723c751e8b465ee728b)
Start importing Assets/Resources/Art/UnityChan/UnityChanShader/Texture/cheek_00.tga using Guid(89ede59217e3847c39c444f223f4084e) Importer(815301076,1909f56bfc062723c751e8b465ee728b)  -> (artifact id: '1c35e8086732043bca4926079e4fb9a1') in 0.036503 seconds 
========================================================================
Received Import Request.
  Time since last request: 0.000016 seconds.
  path: Assets/Resources/Art/UnityChan/UnityChanShader/Texture/eyeline_00.tga
  artifactKey: Guid(e315db926a0705845b12da3cc80ea306) Importer(815301076,1909f56bfc062723c751e8b465ee728b)
Start importing Assets/Resources/Art/UnityChan/UnityChanShader/Texture/eyeline_00.tga using Guid(e315db926a0705845b12da3cc80ea306) Importer(815301076,1909f56bfc062723c751e8b465ee728b)  -> (artifact id: 'e594f2848801b234986df8b6f35406b2') in 0.016973 seconds 
========================================================================
Received Import Request.
  Time since last request: 0.000017 seconds.
  path: Assets/Resources/Art/UnityChan/UnityChanShader/Texture/hair_01_SPEC.tga
  artifactKey: Guid(c4271b2b1e8bfa949aa9230abaa7709e) Importer(815301076,1909f56bfc062723c751e8b465ee728b)
Start importing Assets/Resources/Art/UnityChan/UnityChanShader/Texture/hair_01_SPEC.tga using Guid(c4271b2b1e8bfa949aa9230abaa7709e) Importer(815301076,1909f56bfc062723c751e8b465ee728b)  -> (artifact id: 'b8768e5f4a553e3327234ba49bff0697') in 0.020189 seconds 
========================================================================
Received Import Request.
  Time since last request: 0.000027 seconds.
  path: Assets/Resources/Art/UnityChan/UnityChanShader/Texture/hair_01_NRM.tga
  artifactKey: Guid(9eea3b9b4b755f64da2c821145616f44) Importer(815301076,1909f56bfc062723c751e8b465ee728b)
Start importing Assets/Resources/Art/UnityChan/UnityChanShader/Texture/hair_01_NRM.tga using Guid(9eea3b9b4b755f64da2c821145616f44) Importer(815301076,1909f56bfc062723c751e8b465ee728b)  -> (artifact id: '8b25ac7729393a8e7a81dd06283f5c7f') in 0.028480 seconds 
========================================================================
Received Import Request.
  Time since last request: 2.682797 seconds.
  path: Assets/Resources/Art/UnityChan/UnityChanShader/Materials/body.mat
  artifactKey: Guid(3b399c72488294c53b66f39632a8fe8b) Importer(815301076,1909f56bfc062723c751e8b465ee728b)
Start importing Assets/Resources/Art/UnityChan/UnityChanShader/Materials/body.mat using Guid(3b399c72488294c53b66f39632a8fe8b) Importer(815301076,1909f56bfc062723c751e8b465ee728b)  -> (artifact id: '6288156465dcf14b87f843d8bfb7e6e0') in 0.014767 seconds 
========================================================================
Received Import Request.
  Time since last request: 0.000016 seconds.
  path: Assets/Resources/Art/UnityChan/UnityChanShader/Materials/mat_cheek.mat
  artifactKey: Guid(4efe8cdcc7b554591bde513d7bde06d0) Importer(815301076,1909f56bfc062723c751e8b465ee728b)
Start importing Assets/Resources/Art/UnityChan/UnityChanShader/Materials/mat_cheek.mat using Guid(4efe8cdcc7b554591bde513d7bde06d0) Importer(815301076,1909f56bfc062723c751e8b465ee728b)  -> (artifact id: '3bea059fbd5c747728d3e1bc1c9f6fa5') in 0.012629 seconds 
========================================================================
Received Import Request.
  Time since last request: 0.000017 seconds.
  path: Assets/Resources/Art/UnityChan/UnityChanShader/Materials/hair.mat
  artifactKey: Guid(0686b679809f14929a8d7f427cbb4da3) Importer(815301076,1909f56bfc062723c751e8b465ee728b)
Start importing Assets/Resources/Art/UnityChan/UnityChanShader/Materials/hair.mat using Guid(0686b679809f14929a8d7f427cbb4da3) Importer(815301076,1909f56bfc062723c751e8b465ee728b)  -> (artifact id: '83c5edcadefa732155048ee635b67214') in 0.023488 seconds 
========================================================================
Received Import Request.
  Time since last request: 0.539141 seconds.
  path: Assets/Resources/Art/UnityChan/UnityChanShader/Shader/CharaMain.cg
  artifactKey: Guid(c3d0f1648f39e1a408ca5a56b25e96bf) Importer(815301076,1909f56bfc062723c751e8b465ee728b)
Start importing Assets/Resources/Art/UnityChan/UnityChanShader/Shader/CharaMain.cg using Guid(c3d0f1648f39e1a408ca5a56b25e96bf) Importer(815301076,1909f56bfc062723c751e8b465ee728b)  -> (artifact id: '9230d2ebbf96080e06bc4346ae99aeaa') in 0.010390 seconds 
========================================================================
Received Import Request.
  Time since last request: 79.178834 seconds.
  path: Assets/Resources/Art/UnityChan/Models/unitychan.fbx
  artifactKey: Guid(8f0565f23a2b58541a475bd3c1393052) Importer(815301076,1909f56bfc062723c751e8b465ee728b)
Start importing Assets/Resources/Art/UnityChan/Models/unitychan.fbx using Guid(8f0565f23a2b58541a475bd3c1393052) Importer(815301076,1909f56bfc062723c751e8b465ee728b) Shader error in 'UnityChan/Eye': Couldn't open include file 'CharaSkin.cg'. at line 32

Compiling Subshader: 0, Pass: <Unnamed Pass 0>, Vertex program with DIRECTIONAL LIGHTPROBE_SH
Platform defines: SHADER_API_DESKTOP UNITY_ENABLE_DETAIL_NORMALMAP UNITY_ENABLE_REFLECTION_BUFFERS UNITY_LIGHTMAP_FULL_HDR UNITY_LIGHT_PROBE_PROXY_VOLUME UNITY_PASS_FORWARDBASE UNITY_PBS_USE_BRDF1 UNITY_SPECCUBE_BLENDING UNITY_SPECCUBE_BOX_PROJECTION UNITY_USE_DITHER_MASK_FOR_ALPHABLENDED_SHADOWS
Disabled keywords: DIRLIGHTMAP_COMBINED DYNAMICLIGHTMAP_ON LIGHTMAP_ON LIGHTMAP_SHADOW_MIXING SHADER_API_GLES30 SHADOWS_SCREEN SHADOWS_SHADOWMASK UNITY_ASTC_NORMALMAP_ENCODING UNITY_COLORSPACE_GAMMA UNITY_ENABLE_NATIVE_SHADOW_LOOKUPS UNITY_FRAMEBUFFER_FETCH_AVAILABLE UNITY_HALF_PRECISION_FRAGMENT_SHADER_REGISTERS UNITY_HARDWARE_TIER1 UNITY_HARDWARE_TIER2 UNITY_HARDWARE_TIER3 UNITY_LIGHTMAP_DLDR_ENCODING UNITY_LIGHTMAP_RGBM_ENCODING UNITY_METAL_SHADOWS_USE_POINT_FILTERING UNITY_NO_DXT5nm UNITY_NO_FULL_STANDARD_SHADER UNITY_NO_SCREENSPACE_SHADOWS UNITY_PBS_USE_BRDF2 UNITY_PBS_USE_BRDF3 UNITY_PRETRANSFORM_TO_DISPLAY_ORIENTATION UNITY_UNIFIED_SHADER_PRECISION_MODEL UNITY_VIRTUAL_TEXTURING VERTEXLIGHT_ON
Shader error in 'UnityChan/Eye': Couldn't open include file 'CharaSkin.cg'. at line 32

Compiling Subshader: 0, Pass: <Unnamed Pass 0>, Vertex program with DIRECTIONAL LIGHTPROBE_SH
Platform defines: SHADER_API_DESKTOP UNITY_ENABLE_DETAIL_NORMALMAP UNITY_ENABLE_REFLECTION_BUFFERS UNITY_LIGHTMAP_FULL_HDR UNITY_LIGHT_PROBE_PROXY_VOLUME UNITY_PASS_FORWARDBASE UNITY_PBS_USE_BRDF1 UNITY_SPECCUBE_BLENDING UNITY_SPECCUBE_BOX_PROJECTION UNITY_USE_DITHER_MASK_FOR_ALPHABLENDED_SHADOWS
Disabled keywords: DIRLIGHTMAP_COMBINED DYNAMICLIGHTMAP_ON LIGHTMAP_ON LIGHTMAP_SHADOW_MIXING SHADER_API_GLES30 SHADOWS_SCREEN SHADOWS_SHADOWMASK UNITY_ASTC_NORMALMAP_ENCODING UNITY_COLORSPACE_GAMMA UNITY_ENABLE_NATIVE_SHADOW_LOOKUPS UNITY_FRAMEBUFFER_FETCH_AVAILABLE UNITY_HALF_PRECISION_FRAGMENT_SHADER_REGISTERS UNITY_HARDWARE_TIER1 UNITY_HARDWARE_TIER2 UNITY_HARDWARE_TIER3 UNITY_LIGHTMAP_DLDR_ENCODING UNITY_LIGHTMAP_RGBM_ENCODING UNITY_METAL_SHADOWS_USE_POINT_FILTERING UNITY_NO_DXT5nm UNITY_NO_FULL_STANDARD_SHADER UNITY_NO_SCREENSPACE_SHADOWS UNITY_PBS_USE_BRDF2 UNITY_PBS_USE_BRDF3 UNITY_PRETRANSFORM_TO_DISPLAY_ORIENTATION UNITY_UNIFIED_SHADER_PRECISION_MODEL UNITY_VIRTUAL_TEXTURING VERTEXLIGHT_ON
Shader error in 'UnityChan/Skin': Couldn't open include file 'CharaSkin.cg'. at line 33

Compiling Subshader: 0, Pass: <Unnamed Pass 0>, Vertex program with DIRECTIONAL LIGHTPROBE_SH
Platform defines: SHADER_API_DESKTOP UNITY_ENABLE_DETAIL_NORMALMAP UNITY_ENABLE_REFLECTION_BUFFERS UNITY_LIGHTMAP_FULL_HDR UNITY_LIGHT_PROBE_PROXY_VOLUME UNITY_PASS_FORWARDBASE UNITY_PBS_USE_BRDF1 UNITY_SPECCUBE_BLENDING UNITY_SPECCUBE_BOX_PROJECTION UNITY_USE_DITHER_MASK_FOR_ALPHABLENDED_SHADOWS
Disabled keywords: DIRLIGHTMAP_COMBINED DYNAMICLIGHTMAP_ON LIGHTMAP_ON LIGHTMAP_SHADOW_MIXING SHADER_API_GLES30 SHADOWS_SCREEN SHADOWS_SHADOWMASK UNITY_ASTC_NORMALMAP_ENCODING UNITY_COLORSPACE_GAMMA UNITY_ENABLE_NATIVE_SHADOW_LOOKUPS UNITY_FRAMEBUFFER_FETCH_AVAILABLE UNITY_HALF_PRECISION_FRAGMENT_SHADER_REGISTERS UNITY_HARDWARE_TIER1 UNITY_HARDWARE_TIER2 UNITY_HARDWARE_TIER3 UNITY_LIGHTMAP_DLDR_ENCODING UNITY_LIGHTMAP_RGBM_ENCODING UNITY_METAL_SHADOWS_USE_POINT_FILTERING UNITY_NO_DXT5nm UNITY_NO_FULL_STANDARD_SHADER UNITY_NO_SCREENSPACE_SHADOWS UNITY_PBS_USE_BRDF2 UNITY_PBS_USE_BRDF3 UNITY_PRETRANSFORM_TO_DISPLAY_ORIENTATION UNITY_UNIFIED_SHADER_PRECISION_MODEL UNITY_VIRTUAL_TEXTURING VERTEXLIGHT_ON
Shader error in 'UnityChan/Skin': Couldn't open include file 'CharaSkin.cg'. at line 33

Compiling Subshader: 0, Pass: <Unnamed Pass 0>, Vertex program with DIRECTIONAL LIGHTPROBE_SH
Platform defines: SHADER_API_DESKTOP UNITY_ENABLE_DETAIL_NORMALMAP UNITY_ENABLE_REFLECTION_BUFFERS UNITY_LIGHTMAP_FULL_HDR UNITY_LIGHT_PROBE_PROXY_VOLUME UNITY_PASS_FORWARDBASE UNITY_PBS_USE_BRDF1 UNITY_SPECCUBE_BLENDING UNITY_SPECCUBE_BOX_PROJECTION UNITY_USE_DITHER_MASK_FOR_ALPHABLENDED_SHADOWS
Disabled keywords: DIRLIGHTMAP_COMBINED DYNAMICLIGHTMAP_ON LIGHTMAP_ON LIGHTMAP_SHADOW_MIXING SHADER_API_GLES30 SHADOWS_SCREEN SHADOWS_SHADOWMASK UNITY_ASTC_NORMALMAP_ENCODING UNITY_COLORSPACE_GAMMA UNITY_ENABLE_NATIVE_SHADOW_LOOKUPS UNITY_FRAMEBUFFER_FETCH_AVAILABLE UNITY_HALF_PRECISION_FRAGMENT_SHADER_REGISTERS UNITY_HARDWARE_TIER1 UNITY_HARDWARE_TIER2 UNITY_HARDWARE_TIER3 UNITY_LIGHTMAP_DLDR_ENCODING UNITY_LIGHTMAP_RGBM_ENCODING UNITY_METAL_SHADOWS_USE_POINT_FILTERING UNITY_NO_DXT5nm UNITY_NO_FULL_STANDARD_SHADER UNITY_NO_SCREENSPACE_SHADOWS UNITY_PBS_USE_BRDF2 UNITY_PBS_USE_BRDF3 UNITY_PRETRANSFORM_TO_DISPLAY_ORIENTATION UNITY_UNIFIED_SHADER_PRECISION_MODEL UNITY_VIRTUAL_TEXTURING VERTEXLIGHT_ON
Shader error in 'UnityChan/Eye - Transparent': Couldn't open include file 'CharaSkin.cg'. at line 34

Compiling Subshader: 0, Pass: <Unnamed Pass 0>, Vertex program with DIRECTIONAL LIGHTPROBE_SH
Platform defines: SHADER_API_DESKTOP UNITY_ENABLE_DETAIL_NORMALMAP UNITY_ENABLE_REFLECTION_BUFFERS UNITY_LIGHTMAP_FULL_HDR UNITY_LIGHT_PROBE_PROXY_VOLUME UNITY_PASS_FORWARDBASE UNITY_PBS_USE_BRDF1 UNITY_SPECCUBE_BLENDING UNITY_SPECCUBE_BOX_PROJECTION UNITY_USE_DITHER_MASK_FOR_ALPHABLENDED_SHADOWS
Disabled keywords: DIRLIGHTMAP_COMBINED DYNAMICLIGHTMAP_ON LIGHTMAP_ON LIGHTMAP_SHADOW_MIXING SHADER_API_GLES30 SHADOWS_SCREEN SHADOWS_SHADOWMASK UNITY_ASTC_NORMALMAP_ENCODING UNITY_COLORSPACE_GAMMA UNITY_ENABLE_NATIVE_SHADOW_LOOKUPS UNITY_FRAMEBUFFER_FETCH_AVAILABLE UNITY_HALF_PRECISION_FRAGMENT_SHADER_REGISTERS UNITY_HARDWARE_TIER1 UNITY_HARDWARE_TIER2 UNITY_HARDWARE_TIER3 UNITY_LIGHTMAP_DLDR_ENCODING UNITY_LIGHTMAP_RGBM_ENCODING UNITY_METAL_SHADOWS_USE_POINT_FILTERING UNITY_NO_DXT5nm UNITY_NO_FULL_STANDARD_SHADER UNITY_NO_SCREENSPACE_SHADOWS UNITY_PBS_USE_BRDF2 UNITY_PBS_USE_BRDF3 UNITY_PRETRANSFORM_TO_DISPLAY_ORIENTATION UNITY_UNIFIED_SHADER_PRECISION_MODEL UNITY_VIRTUAL_TEXTURING VERTEXLIGHT_ON
Shader error in 'UnityChan/Eye - Transparent': Couldn't open include file 'CharaSkin.cg'. at line 34

Compiling Subshader: 0, Pass: <Unnamed Pass 0>, Vertex program with DIRECTIONAL LIGHTPROBE_SH
Platform defines: SHADER_API_DESKTOP UNITY_ENABLE_DETAIL_NORMALMAP UNITY_ENABLE_REFLECTION_BUFFERS UNITY_LIGHTMAP_FULL_HDR UNITY_LIGHT_PROBE_PROXY_VOLUME UNITY_PASS_FORWARDBASE UNITY_PBS_USE_BRDF1 UNITY_SPECCUBE_BLENDING UNITY_SPECCUBE_BOX_PROJECTION UNITY_USE_DITHER_MASK_FOR_ALPHABLENDED_SHADOWS
Disabled keywords: DIRLIGHTMAP_COMBINED DYNAMICLIGHTMAP_ON LIGHTMAP_ON LIGHTMAP_SHADOW_MIXING SHADER_API_GLES30 SHADOWS_SCREEN SHADOWS_SHADOWMASK UNITY_ASTC_NORMALMAP_ENCODING UNITY_COLORSPACE_GAMMA UNITY_ENABLE_NATIVE_SHADOW_LOOKUPS UNITY_FRAMEBUFFER_FETCH_AVAILABLE UNITY_HALF_PRECISION_FRAGMENT_SHADER_REGISTERS UNITY_HARDWARE_TIER1 UNITY_HARDWARE_TIER2 UNITY_HARDWARE_TIER3 UNITY_LIGHTMAP_DLDR_ENCODING UNITY_LIGHTMAP_RGBM_ENCODING UNITY_METAL_SHADOWS_USE_POINT_FILTERING UNITY_NO_DXT5nm UNITY_NO_FULL_STANDARD_SHADER UNITY_NO_SCREENSPACE_SHADOWS UNITY_PBS_USE_BRDF2 UNITY_PBS_USE_BRDF3 UNITY_PRETRANSFORM_TO_DISPLAY_ORIENTATION UNITY_UNIFIED_SHADER_PRECISION_MODEL UNITY_VIRTUAL_TEXTURING VERTEXLIGHT_ON
Shader error in 'UnityChan/Eyelash - Transparent': Couldn't open include file 'CharaSkin.cg'. at line 34

Compiling Subshader: 0, Pass: <Unnamed Pass 0>, Vertex program with DIRECTIONAL LIGHTPROBE_SH
Platform defines: SHADER_API_DESKTOP UNITY_ENABLE_DETAIL_NORMALMAP UNITY_ENABLE_REFLECTION_BUFFERS UNITY_LIGHTMAP_FULL_HDR UNITY_LIGHT_PROBE_PROXY_VOLUME UNITY_PASS_FORWARDBASE UNITY_PBS_USE_BRDF1 UNITY_SPECCUBE_BLENDING UNITY_SPECCUBE_BOX_PROJECTION UNITY_USE_DITHER_MASK_FOR_ALPHABLENDED_SHADOWS
Disabled keywords: DIRLIGHTMAP_COMBINED DYNAMICLIGHTMAP_ON LIGHTMAP_ON LIGHTMAP_SHADOW_MIXING SHADER_API_GLES30 SHADOWS_SCREEN SHADOWS_SHADOWMASK UNITY_ASTC_NORMALMAP_ENCODING UNITY_COLORSPACE_GAMMA UNITY_ENABLE_NATIVE_SHADOW_LOOKUPS UNITY_FRAMEBUFFER_FETCH_AVAILABLE UNITY_HALF_PRECISION_FRAGMENT_SHADER_REGISTERS UNITY_HARDWARE_TIER1 UNITY_HARDWARE_TIER2 UNITY_HARDWARE_TIER3 UNITY_LIGHTMAP_DLDR_ENCODING UNITY_LIGHTMAP_RGBM_ENCODING UNITY_METAL_SHADOWS_USE_POINT_FILTERING UNITY_NO_DXT5nm UNITY_NO_FULL_STANDARD_SHADER UNITY_NO_SCREENSPACE_SHADOWS UNITY_PBS_USE_BRDF2 UNITY_PBS_USE_BRDF3 UNITY_PRETRANSFORM_TO_DISPLAY_ORIENTATION UNITY_UNIFIED_SHADER_PRECISION_MODEL UNITY_VIRTUAL_TEXTURING VERTEXLIGHT_ON
Shader error in 'UnityChan/Eyelash - Transparent': Couldn't open include file 'CharaSkin.cg'. at line 34

Compiling Subshader: 0, Pass: <Unnamed Pass 0>, Vertex program with DIRECTIONAL LIGHTPROBE_SH
Platform defines: SHADER_API_DESKTOP UNITY_ENABLE_DETAIL_NORMALMAP UNITY_ENABLE_REFLECTION_BUFFERS UNITY_LIGHTMAP_FULL_HDR UNITY_LIGHT_PROBE_PROXY_VOLUME UNITY_PASS_FORWARDBASE UNITY_PBS_USE_BRDF1 UNITY_SPECCUBE_BLENDING UNITY_SPECCUBE_BOX_PROJECTION UNITY_USE_DITHER_MASK_FOR_ALPHABLENDED_SHADOWS
Disabled keywords: DIRLIGHTMAP_COMBINED DYNAMICLIGHTMAP_ON LIGHTMAP_ON LIGHTMAP_SHADOW_MIXING SHADER_API_GLES30 SHADOWS_SCREEN SHADOWS_SHADOWMASK UNITY_ASTC_NORMALMAP_ENCODING UNITY_COLORSPACE_GAMMA UNITY_ENABLE_NATIVE_SHADOW_LOOKUPS UNITY_FRAMEBUFFER_FETCH_AVAILABLE UNITY_HALF_PRECISION_FRAGMENT_SHADER_REGISTERS UNITY_HARDWARE_TIER1 UNITY_HARDWARE_TIER2 UNITY_HARDWARE_TIER3 UNITY_LIGHTMAP_DLDR_ENCODING UNITY_LIGHTMAP_RGBM_ENCODING UNITY_METAL_SHADOWS_USE_POINT_FILTERING UNITY_NO_DXT5nm UNITY_NO_FULL_STANDARD_SHADER UNITY_NO_SCREENSPACE_SHADOWS UNITY_PBS_USE_BRDF2 UNITY_PBS_USE_BRDF3 UNITY_PRETRANSFORM_TO_DISPLAY_ORIENTATION UNITY_UNIFIED_SHADER_PRECISION_MODEL UNITY_VIRTUAL_TEXTURING VERTEXLIGHT_ON
 -> (artifact id: '9fee28dd8c185dd5c2ed7af583799d69') in 0.155092 seconds 
========================================================================
Received Import Request.
  Time since last request: 29.332702 seconds.
  path: Assets/Resources/Art/UnityChan/Materials/body.mat
  artifactKey: Guid(bb570020a8c3bad4bbf803af20e78937) Importer(815301076,1909f56bfc062723c751e8b465ee728b)
Start importing Assets/Resources/Art/UnityChan/Materials/body.mat using Guid(bb570020a8c3bad4bbf803af20e78937) Importer(815301076,1909f56bfc062723c751e8b465ee728b)  -> (artifact id: '6025a38983b3d4545d6bc043a9fb3772') in 0.013840 seconds 
========================================================================
Received Import Request.
  Time since last request: 0.000019 seconds.
  path: Assets/Resources/Art/UnityChan/Materials/face.mat
  artifactKey: Guid(4d83bd267b90e934e88637afcd02cb8a) Importer(815301076,1909f56bfc062723c751e8b465ee728b)
Start importing Assets/Resources/Art/UnityChan/Materials/face.mat using Guid(4d83bd267b90e934e88637afcd02cb8a) Importer(815301076,1909f56bfc062723c751e8b465ee728b)  -> (artifact id: '91873c1d374bdd8d70440f4e916189ae') in 0.026500 seconds 
========================================================================
Received Import Request.
  Time since last request: 0.000015 seconds.
  path: Assets/Resources/Art/UnityChan/Materials/mat_cheek.mat
  artifactKey: Guid(5f9d44654b83160428d7c4cf276b3572) Importer(815301076,1909f56bfc062723c751e8b465ee728b)
Start importing Assets/Resources/Art/UnityChan/Materials/mat_cheek.mat using Guid(5f9d44654b83160428d7c4cf276b3572) Importer(815301076,1909f56bfc062723c751e8b465ee728b)  -> (artifact id: '290b768b66516569d03deefae0a2f09e') in 0.006761 seconds 
========================================================================
Received Import Request.
  Time since last request: 0.000015 seconds.
  path: Assets/Resources/Art/UnityChan/Materials/eye_R1.mat
  artifactKey: Guid(a87def7cf3654cc43add52e645fee2ce) Importer(815301076,1909f56bfc062723c751e8b465ee728b)
Start importing Assets/Resources/Art/UnityChan/Materials/eye_R1.mat using Guid(a87def7cf3654cc43add52e645fee2ce) Importer(815301076,1909f56bfc062723c751e8b465ee728b)  -> (artifact id: '876871b7a111d8e0b6060780adf39c82') in 0.023540 seconds 
========================================================================
Received Import Request.
  Time since last request: 0.800864 seconds.
  path: Assets/Resources/Art/UnityChan/Animations/unitychan_WALK00_L.fbx
  artifactKey: Guid(564ea08c07b9a764d8be6f0bbdddfc1c) Importer(815301076,1909f56bfc062723c751e8b465ee728b)
Start importing Assets/Resources/Art/UnityChan/Animations/unitychan_WALK00_L.fbx using Guid(564ea08c07b9a764d8be6f0bbdddfc1c) Importer(815301076,1909f56bfc062723c751e8b465ee728b)  -> (artifact id: '740811eddfed0d0da9dffbe9a0a4cb72') in 0.044477 seconds 
========================================================================
Received Import Request.
  Time since last request: 0.000027 seconds.
  path: Assets/Resources/Art/UnityChan/Animations/unitychan_WIN00.fbx
  artifactKey: Guid(e2538d48c03da46a8b0c3b59d39a4cab) Importer(815301076,1909f56bfc062723c751e8b465ee728b)
Start importing Assets/Resources/Art/UnityChan/Animations/unitychan_WIN00.fbx using Guid(e2538d48c03da46a8b0c3b59d39a4cab) Importer(815301076,1909f56bfc062723c751e8b465ee728b)  -> (artifact id: '0acc3dafbdfebb7c8e9612b6d1d5d5a7') in 0.040917 seconds 
========================================================================
Received Import Request.
  Time since last request: 31.592944 seconds.
  path: Assets/Resources/Art/UnityChan/Voice/univ0001.wav
  artifactKey: Guid(eed2451bbd4264da8b6c27c92df62faf) Importer(815301076,1909f56bfc062723c751e8b465ee728b)
Start importing Assets/Resources/Art/UnityChan/Voice/univ0001.wav using Guid(eed2451bbd4264da8b6c27c92df62faf) Importer(815301076,1909f56bfc062723c751e8b465ee728b)  -> (artifact id: '474b92c7d9445dfe1ed9d8f4d133a4f3') in 0.047478 seconds 
========================================================================
Received Import Request.
  Time since last request: 0.000021 seconds.
  path: Assets/Resources/Art/UnityChan/Voice/univ0007.wav
  artifactKey: Guid(d721cf72523c74b5b937bd0a354fdd40) Importer(815301076,1909f56bfc062723c751e8b465ee728b)
Start importing Assets/Resources/Art/UnityChan/Voice/univ0007.wav using Guid(d721cf72523c74b5b937bd0a354fdd40) Importer(815301076,1909f56bfc062723c751e8b465ee728b)  -> (artifact id: '55de4dc2aa3e1757b7ba0a08023a8f48') in 0.025934 seconds 
========================================================================
Received Import Request.
  Time since last request: 0.000018 seconds.
  path: Assets/Resources/Art/UnityChan/Voice/univ0022.wav
  artifactKey: Guid(9a6ffec590512439cb7a77619dd4a115) Importer(815301076,1909f56bfc062723c751e8b465ee728b)
Start importing Assets/Resources/Art/UnityChan/Voice/univ0022.wav using Guid(9a6ffec590512439cb7a77619dd4a115) Importer(815301076,1909f56bfc062723c751e8b465ee728b)  -> (artifact id: '4e0d7a9bcceb554b4eca6093cca95b02') in 0.020297 seconds 
========================================================================
Received Import Request.
  Time since last request: 0.000016 seconds.
  path: Assets/Resources/Art/UnityChan/Voice/univ0020.wav
  artifactKey: Guid(58be6e1f7db214607a51dc56cff4ee13) Importer(815301076,1909f56bfc062723c751e8b465ee728b)
Start importing Assets/Resources/Art/UnityChan/Voice/univ0020.wav using Guid(58be6e1f7db214607a51dc56cff4ee13) Importer(815301076,1909f56bfc062723c751e8b465ee728b)  -> (artifact id: 'b73fe559ab3e42ff91b2882e825f9f1e') in 0.013512 seconds 
========================================================================
Received Import Request.
  Time since last request: 0.000017 seconds.
  path: Assets/Resources/Art/UnityChan/Voice/univ0023.wav
  artifactKey: Guid(436f01e35ef0542f8b42c9b0d0907ea2) Importer(815301076,1909f56bfc062723c751e8b465ee728b)
Start importing Assets/Resources/Art/UnityChan/Voice/univ0023.wav using Guid(436f01e35ef0542f8b42c9b0d0907ea2) Importer(815301076,1909f56bfc062723c751e8b465ee728b)  -> (artifact id: '165a8bea2ebd74566d9b2c1533193bf7') in 0.011896 seconds 
========================================================================
Received Import Request.
  Time since last request: 0.000017 seconds.
  path: Assets/Resources/Art/UnityChan/Voice/univ0029.wav
  artifactKey: Guid(9de474df5f96b4d6eb94dcb64eedc2a2) Importer(815301076,1909f56bfc062723c751e8b465ee728b)
Start importing Assets/Resources/Art/UnityChan/Voice/univ0029.wav using Guid(9de474df5f96b4d6eb94dcb64eedc2a2) Importer(815301076,1909f56bfc062723c751e8b465ee728b)  -> (artifact id: '3457a7d6f24414aab38b93acd9daad20') in 0.013373 seconds 
========================================================================
Received Import Request.
  Time since last request: 0.000020 seconds.
  path: Assets/Resources/Art/UnityChan/Voice/univ0025.wav
  artifactKey: Guid(f05a93713ec534906b4250f349840580) Importer(815301076,1909f56bfc062723c751e8b465ee728b)
Start importing Assets/Resources/Art/UnityChan/Voice/univ0025.wav using Guid(f05a93713ec534906b4250f349840580) Importer(815301076,1909f56bfc062723c751e8b465ee728b)  -> (artifact id: '056bc51f6b6719c156c9ddb6adb7e9df') in 0.012472 seconds 
========================================================================
Received Import Request.
  Time since last request: 0.000022 seconds.
  path: Assets/Resources/Art/UnityChan/Voice/univ0027.wav
  artifactKey: Guid(39c15a2c77273494b9b02b228371d87b) Importer(815301076,1909f56bfc062723c751e8b465ee728b)
Start importing Assets/Resources/Art/UnityChan/Voice/univ0027.wav using Guid(39c15a2c77273494b9b02b228371d87b) Importer(815301076,1909f56bfc062723c751e8b465ee728b)  -> (artifact id: 'e90d88eda7a6c0cf4144d71250201c7a') in 0.011788 seconds 
========================================================================
Received Import Request.
  Time since last request: 0.000024 seconds.
  path: Assets/Resources/Art/UnityChan/Voice/univ0011.wav
  artifactKey: Guid(874dc2aadd4204ec1987fcd17f8d7fb8) Importer(815301076,1909f56bfc062723c751e8b465ee728b)
Start importing Assets/Resources/Art/UnityChan/Voice/univ0011.wav using Guid(874dc2aadd4204ec1987fcd17f8d7fb8) Importer(815301076,1909f56bfc062723c751e8b465ee728b)  -> (artifact id: 'de825b8cbcfd91485cf2a8f7a64e5f88') in 0.012290 seconds 
========================================================================
Received Import Request.
  Time since last request: 0.000029 seconds.
  path: Assets/Resources/Art/UnityChan/Voice/univ0028.wav
  artifactKey: Guid(5ce5e31b4113b41d4b0537bd71771881) Importer(815301076,1909f56bfc062723c751e8b465ee728b)
Start importing Assets/Resources/Art/UnityChan/Voice/univ0028.wav using Guid(5ce5e31b4113b41d4b0537bd71771881) Importer(815301076,1909f56bfc062723c751e8b465ee728b)  -> (artifact id: '64bfa4bfd8389131f11dcc8b4c341ae3') in 0.011573 seconds 
========================================================================
Received Import Request.
  Time since last request: 0.000028 seconds.
  path: Assets/Resources/Art/UnityChan/Voice/univ0015.wav
  artifactKey: Guid(28411f84ac99843ba9649b2cae8c879e) Importer(815301076,1909f56bfc062723c751e8b465ee728b)
Start importing Assets/Resources/Art/UnityChan/Voice/univ0015.wav using Guid(28411f84ac99843ba9649b2cae8c879e) Importer(815301076,1909f56bfc062723c751e8b465ee728b)  -> (artifact id: '883bd8c6d1edc1c2f3e1ca0fe6f9f586') in 0.012539 seconds 
========================================================================
Received Import Request.
  Time since last request: 0.000021 seconds.
  path: Assets/Resources/Art/UnityChan/Voice/univ0018.wav
  artifactKey: Guid(9386c5176a28d485f9f58d1031791d32) Importer(815301076,1909f56bfc062723c751e8b465ee728b)
Start importing Assets/Resources/Art/UnityChan/Voice/univ0018.wav using Guid(9386c5176a28d485f9f58d1031791d32) Importer(815301076,1909f56bfc062723c751e8b465ee728b)  -> (artifact id: 'a6997287a73c91ad2fa8d610575c60ea') in 0.010480 seconds 
========================================================================
Received Import Request.
  Time since last request: 88.891844 seconds.
  path: Assets/Resources/Prefabs/PlayerInTank.prefab
  artifactKey: Guid(f992585331832714783ac895127c9957) Importer(815301076,1909f56bfc062723c751e8b465ee728b)
Start importing Assets/Resources/Prefabs/PlayerInTank.prefab using Guid(f992585331832714783ac895127c9957) Importer(815301076,1909f56bfc062723c751e8b465ee728b)  -> (artifact id: '4708d308c1a64e2f4498dd6a58dd787a') in 0.037602 seconds 
